<?xml version="1.0" encoding="UTF-8"?>
<!-- Generated by org.testng.reporters.JUnitXMLReporter -->
<testsuite ignored="0" hostname="LATITUDE" failures="0" tests="6" name="Test" time="0.146" errors="0" timestamp="2025-04-27T10:57:50 IST">
  <testcase classname="pack1.TestClass3" name="TestCase4" time="0.019"/>
  <testcase classname="pack1.TestClass3" name="TestCase5" time="0.002"/>
  <testcase classname="pack1.TestClass3" name="TestCase6" time="0.001"/>
  <testcase classname="pack1.TestClass2" name="TestCase2" time="0.002"/>
  <testcase classname="pack1.TestClass2" name="TestCase1" time="0.003"/>
  <testcase classname="pack1.TestClass2" name="TestCase3" time="0.002"/>
</testsuite> <!-- Test -->
