<?xml version="1.0" encoding="UTF-8"?>
<!-- Generated by org.testng.reporters.JUnitXMLReporter -->
<testsuite ignored="0" hostname="LATITUDE" failures="1" tests="1" name="Test" time="0.129" errors="0" timestamp="2025-05-04T09:46:01 IST">
  <testcase classname="pack1.ListenerTest" name="TestCase" time="0.025">
    <failure type="java.lang.AssertionError" message="null">
      <![CDATA[java.lang.AssertionError: null
at pack1.ListenerTest.TestCase(ListenerTest.java:23)
at java.base/java.util.ArrayList.forEach(ArrayList.java:1596)
... Removed 27 stack frames]]>
    </failure>
  </testcase> <!-- TestCase -->
</testsuite> <!-- Test -->
