<?xml version="1.0" encoding="UTF-8"?>
<testng-results ignored="0" total="1" passed="1" failed="0" skipped="0">
  <reporter-output>
  </reporter-output>
  <suite started-at="2025-05-24T10:21:30 IST" name="Default suite" finished-at="2025-05-24T10:21:43 IST" duration-ms="13060">
    <groups>
    </groups>
    <test started-at="2025-05-24T10:21:30 IST" name="Default test" finished-at="2025-05-24T10:21:43 IST" duration-ms="13060">
      <class name="testSuites.ChangePasswordTestSuite">
        <test-method is-config="true" signature="launchBrowser()[pri:0, instance:testSuites.ChangePasswordTestSuite@4b2bac3f]" started-at="2025-05-24T10:21:24 IST" name="launchBrowser" finished-at="2025-05-24T10:21:30 IST" duration-ms="5582" status="PASS">
          <reporter-output>
          </reporter-output>
        </test-method> <!-- launchBrowser -->
        <test-method is-config="true" signature="login()[pri:0, instance:testSuites.ChangePasswordTestSuite@4b2bac3f]" started-at="2025-05-24T10:21:30 IST" name="login" finished-at="2025-05-24T10:21:36 IST" duration-ms="6023" status="PASS">
          <reporter-output>
          </reporter-output>
        </test-method> <!-- login -->
        <test-method signature="tc_123_ChangePasswordTest()[pri:0, instance:testSuites.ChangePasswordTestSuite@4b2bac3f]" started-at="2025-05-24T10:21:36 IST" name="tc_123_ChangePasswordTest" finished-at="2025-05-24T10:21:42 IST" duration-ms="5816" status="PASS">
          <reporter-output>
          </reporter-output>
        </test-method> <!-- tc_123_ChangePasswordTest -->
        <test-method is-config="true" signature="logout()[pri:0, instance:testSuites.ChangePasswordTestSuite@4b2bac3f]" started-at="2025-05-24T10:21:42 IST" name="logout" finished-at="2025-05-24T10:21:43 IST" duration-ms="1170" status="PASS">
          <reporter-output>
          </reporter-output>
        </test-method> <!-- logout -->
        <test-method is-config="true" signature="closeBrowser()[pri:0, instance:testSuites.ChangePasswordTestSuite@4b2bac3f]" started-at="2025-05-24T10:21:43 IST" name="closeBrowser" finished-at="2025-05-24T10:21:45 IST" duration-ms="1430" status="PASS">
          <reporter-output>
          </reporter-output>
        </test-method> <!-- closeBrowser -->
      </class> <!-- testSuites.ChangePasswordTestSuite -->
    </test> <!-- Default test -->
  </suite> <!-- Default suite -->
</testng-results>
