<?xml version="1.0" encoding="UTF-8"?>
<testng-results ignored="0" total="1" passed="1" failed="0" skipped="0">
  <reporter-output>
  </reporter-output>
  <suite started-at="2025-05-04T11:16:51 IST" name="Default suite" finished-at="2025-05-04T11:16:55 IST" duration-ms="3969">
    <groups>
    </groups>
    <test started-at="2025-05-04T11:16:51 IST" name="Default test" finished-at="2025-05-04T11:16:55 IST" duration-ms="3969">
      <class name="testSuites.LoginTestSuite">
        <test-method is-config="true" signature="launchBrowser()[pri:0, instance:testSuites.LoginTestSuite@6f03482]" started-at="2025-05-04T11:16:44 IST" name="launchBrowser" finished-at="2025-05-04T11:16:51 IST" duration-ms="6300" status="PASS">
          <reporter-output>
          </reporter-output>
        </test-method> <!-- launchBrowser -->
        <test-method signature="tc123_LoginTest()[pri:0, instance:testSuites.LoginTestSuite@6f03482]" started-at="2025-05-04T11:16:51 IST" name="tc123_LoginTest" finished-at="2025-05-04T11:16:55 IST" duration-ms="3887" status="PASS">
          <reporter-output>
          </reporter-output>
        </test-method> <!-- tc123_LoginTest -->
        <test-method is-config="true" signature="closeBrowser()[pri:0, instance:testSuites.LoginTestSuite@6f03482]" started-at="2025-05-04T11:16:55 IST" name="closeBrowser" finished-at="2025-05-04T11:16:56 IST" duration-ms="1578" status="PASS">
          <reporter-output>
          </reporter-output>
        </test-method> <!-- closeBrowser -->
      </class> <!-- testSuites.LoginTestSuite -->
    </test> <!-- Default test -->
  </suite> <!-- Default suite -->
</testng-results>
