<?xml version="1.0" encoding="UTF-8"?>
<testng-results ignored="0" total="6" passed="6" failed="0" skipped="0">
  <reporter-output>
  </reporter-output>
  <suite started-at="2025-04-27T10:57:50 IST" name="Suite" finished-at="2025-04-27T10:57:50 IST" duration-ms="146">
    <groups>
    </groups>
    <test started-at="2025-04-27T10:57:50 IST" name="Test" finished-at="2025-04-27T10:57:50 IST" duration-ms="146">
      <class name="pack1.TestClass3">
        <test-method signature="TestCase4()[pri:0, instance:pack1.TestClass3@16d04d3d]" started-at="2025-04-27T10:57:50 IST" name="TestCase4" finished-at="2025-04-27T10:57:50 IST" duration-ms="19" status="PASS">
          <reporter-output>
          </reporter-output>
        </test-method> <!-- TestCase4 -->
        <test-method signature="TestCase5()[pri:0, instance:pack1.TestClass3@16d04d3d]" started-at="2025-04-27T10:57:50 IST" name="TestCase5" finished-at="2025-04-27T10:57:50 IST" duration-ms="2" status="PASS">
          <reporter-output>
          </reporter-output>
        </test-method> <!-- TestCase5 -->
        <test-method signature="TestCase6()[pri:0, instance:pack1.TestClass3@16d04d3d]" started-at="2025-04-27T10:57:50 IST" name="TestCase6" finished-at="2025-04-27T10:57:50 IST" duration-ms="1" status="PASS">
          <reporter-output>
          </reporter-output>
        </test-method> <!-- TestCase6 -->
      </class> <!-- pack1.TestClass3 -->
      <class name="pack1.TestClass2">
        <test-method is-config="true" signature="beforeClass()[pri:0, instance:pack1.TestClass2@7c7b252e]" started-at="2025-04-27T10:57:50 IST" name="beforeClass" finished-at="2025-04-27T10:57:50 IST" duration-ms="8" status="PASS">
          <reporter-output>
          </reporter-output>
        </test-method> <!-- beforeClass -->
        <test-method is-config="true" signature="beforeMethod()[pri:0, instance:pack1.TestClass2@7c7b252e]" started-at="2025-04-27T10:57:50 IST" name="beforeMethod" finished-at="2025-04-27T10:57:50 IST" duration-ms="0" status="PASS">
          <reporter-output>
          </reporter-output>
        </test-method> <!-- beforeMethod -->
        <test-method signature="TestCase2()[pri:1, instance:pack1.TestClass2@7c7b252e]" started-at="2025-04-27T10:57:50 IST" name="TestCase2" finished-at="2025-04-27T10:57:50 IST" duration-ms="2" status="PASS">
          <reporter-output>
          </reporter-output>
        </test-method> <!-- TestCase2 -->
        <test-method is-config="true" signature="afterMethod()[pri:0, instance:pack1.TestClass2@7c7b252e]" started-at="2025-04-27T10:57:50 IST" name="afterMethod" finished-at="2025-04-27T10:57:50 IST" duration-ms="0" status="PASS">
          <reporter-output>
          </reporter-output>
        </test-method> <!-- afterMethod -->
        <test-method is-config="true" signature="beforeMethod()[pri:0, instance:pack1.TestClass2@7c7b252e]" started-at="2025-04-27T10:57:50 IST" name="beforeMethod" finished-at="2025-04-27T10:57:50 IST" duration-ms="0" status="PASS">
          <reporter-output>
          </reporter-output>
        </test-method> <!-- beforeMethod -->
        <test-method signature="TestCase1()[pri:2, instance:pack1.TestClass2@7c7b252e]" started-at="2025-04-27T10:57:50 IST" name="TestCase1" finished-at="2025-04-27T10:57:50 IST" duration-ms="3" status="PASS">
          <reporter-output>
          </reporter-output>
        </test-method> <!-- TestCase1 -->
        <test-method is-config="true" signature="afterMethod()[pri:0, instance:pack1.TestClass2@7c7b252e]" started-at="2025-04-27T10:57:50 IST" name="afterMethod" finished-at="2025-04-27T10:57:50 IST" duration-ms="1" status="PASS">
          <reporter-output>
          </reporter-output>
        </test-method> <!-- afterMethod -->
        <test-method is-config="true" signature="beforeMethod()[pri:0, instance:pack1.TestClass2@7c7b252e]" started-at="2025-04-27T10:57:50 IST" name="beforeMethod" finished-at="2025-04-27T10:57:50 IST" duration-ms="1" status="PASS">
          <reporter-output>
          </reporter-output>
        </test-method> <!-- beforeMethod -->
        <test-method signature="TestCase3()[pri:3, instance:pack1.TestClass2@7c7b252e]" started-at="2025-04-27T10:57:50 IST" name="TestCase3" finished-at="2025-04-27T10:57:50 IST" duration-ms="2" status="PASS">
          <reporter-output>
          </reporter-output>
        </test-method> <!-- TestCase3 -->
        <test-method is-config="true" signature="afterMethod()[pri:0, instance:pack1.TestClass2@7c7b252e]" started-at="2025-04-27T10:57:50 IST" name="afterMethod" finished-at="2025-04-27T10:57:50 IST" duration-ms="1" status="PASS">
          <reporter-output>
          </reporter-output>
        </test-method> <!-- afterMethod -->
        <test-method is-config="true" signature="afterClass()[pri:0, instance:pack1.TestClass2@7c7b252e]" started-at="2025-04-27T10:57:50 IST" name="afterClass" finished-at="2025-04-27T10:57:50 IST" duration-ms="0" status="PASS">
          <reporter-output>
          </reporter-output>
        </test-method> <!-- afterClass -->
      </class> <!-- pack1.TestClass2 -->
    </test> <!-- Test -->
  </suite> <!-- Suite -->
</testng-results>
