<?xml version="1.0" encoding="UTF-8"?>
<testng-results ignored="0" total="1" passed="1" failed="0" skipped="0">
  <reporter-output>
  </reporter-output>
  <suite started-at="2025-05-25T10:04:29 IST" name="Suite" finished-at="2025-05-25T10:04:46 IST" duration-ms="16980">
    <groups>
    </groups>
    <test started-at="2025-05-25T10:04:29 IST" name="Test" finished-at="2025-05-25T10:04:46 IST" duration-ms="16980">
      <class name="testSuites.ChangePasswordTestSuite">
        <test-method is-config="true" signature="launchBrowser()[pri:0, instance:testSuites.ChangePasswordTestSuite@4466af20]" started-at="2025-05-25T10:04:21 IST" name="launchBrowser" finished-at="2025-05-25T10:04:29 IST" duration-ms="8657" status="PASS">
          <reporter-output>
          </reporter-output>
        </test-method> <!-- launchBrowser -->
        <test-method is-config="true" signature="login()[pri:0, instance:testSuites.ChangePasswordTestSuite@4466af20]" started-at="2025-05-25T10:04:29 IST" name="login" finished-at="2025-05-25T10:04:37 IST" duration-ms="7654" status="PASS">
          <reporter-output>
          </reporter-output>
        </test-method> <!-- login -->
        <test-method signature="tc_123_ChangePasswordTest()[pri:0, instance:testSuites.ChangePasswordTestSuite@4466af20]" started-at="2025-05-25T10:04:37 IST" name="tc_123_ChangePasswordTest" finished-at="2025-05-25T10:04:44 IST" duration-ms="6998" status="PASS">
          <reporter-output>
          </reporter-output>
        </test-method> <!-- tc_123_ChangePasswordTest -->
        <test-method is-config="true" signature="logout()[pri:0, instance:testSuites.ChangePasswordTestSuite@4466af20]" started-at="2025-05-25T10:04:44 IST" name="logout" finished-at="2025-05-25T10:04:46 IST" duration-ms="2267" status="PASS">
          <reporter-output>
          </reporter-output>
        </test-method> <!-- logout -->
        <test-method is-config="true" signature="closeBrowser()[pri:0, instance:testSuites.ChangePasswordTestSuite@4466af20]" started-at="2025-05-25T10:04:46 IST" name="closeBrowser" finished-at="2025-05-25T10:04:48 IST" duration-ms="1876" status="PASS">
          <reporter-output>
          </reporter-output>
        </test-method> <!-- closeBrowser -->
      </class> <!-- testSuites.ChangePasswordTestSuite -->
    </test> <!-- Test -->
  </suite> <!-- Suite -->
</testng-results>
