<?xml version="1.0" encoding="UTF-8"?>
<!-- Generated by org.testng.reporters.JUnitXMLReporter -->
<testsuite ignored="4" hostname="LATITUDE" failures="1" tests="2" name="Test(failed)(failed)(failed)" time="0.068" errors="0" timestamp="2025-05-03T10:45:12 IST">
  <testcase classname="pack1.TestClass2" name="TestCase1" time="0.012">
    <failure type="java.lang.AssertionError" message="null">
      <![CDATA[java.lang.AssertionError: null
at pack1.TestClass2.TestCase1(TestClass2.java:40)
at java.base/java.util.ArrayList.forEach(ArrayList.java:1596)
... Removed 27 stack frames]]>
    </failure>
  </testcase> <!-- TestCase1 -->
  <testcase classname="pack1.TestClass3" name="TestCase6" time="0.001"/>
  <testcase classname="pack1.TestClass3" name="TestCase5" time="0.0">
    <ignored/>
  </testcase> <!-- TestCase5 -->
  <testcase classname="pack1.TestClass3" name="TestCase4" time="0.0">
    <ignored/>
  </testcase> <!-- TestCase4 -->
  <testcase classname="pack1.TestClass2" name="TestCase2" time="0.0">
    <ignored/>
  </testcase> <!-- TestCase2 -->
  <testcase classname="pack1.TestClass2" name="TestCase3" time="0.0">
    <ignored/>
  </testcase> <!-- TestCase3 -->
</testsuite> <!-- Test(failed)(failed)(failed) -->
