<?xml version="1.0" encoding="UTF-8"?>
<!-- Generated by org.testng.reporters.JUnitXMLReporter -->
<testsuite ignored="2" hostname="LATITUDE" failures="0" tests="1" name="Test(failed)(failed)(failed)(failed)" time="0.065" errors="0" timestamp="2025-05-03T10:46:28 IST">
  <testcase classname="pack1.TestClass2" name="TestCase1" time="0.007"/>
  <testcase classname="pack1.TestClass2" name="TestCase3" time="0.0">
    <ignored/>
  </testcase> <!-- TestCase3 -->
  <testcase classname="pack1.TestClass2" name="TestCase2" time="0.0">
    <ignored/>
  </testcase> <!-- TestCase2 -->
</testsuite> <!-- Test(failed)(failed)(failed)(failed) -->
