<?xml version="1.0" encoding="UTF-8"?>
<testng-results ignored="0" total="1" passed="1" failed="0" skipped="0">
  <reporter-output>
  </reporter-output>
  <suite started-at="2025-05-24T11:03:27 IST" name="Default suite" finished-at="2025-05-24T11:03:49 IST" duration-ms="22067">
    <groups>
    </groups>
    <test started-at="2025-05-24T11:03:27 IST" name="Default test" finished-at="2025-05-24T11:03:49 IST" duration-ms="22067">
      <class name="testSuites.ChangePasswordTestSuite">
        <test-method is-config="true" signature="launchBrowser()[pri:0, instance:testSuites.ChangePasswordTestSuite@51399530]" started-at="2025-05-24T11:03:18 IST" name="launchBrowser" finished-at="2025-05-24T11:03:27 IST" duration-ms="8791" status="PASS">
          <reporter-output>
          </reporter-output>
        </test-method> <!-- launchBrowser -->
        <test-method is-config="true" signature="login()[pri:0, instance:testSuites.ChangePasswordTestSuite@51399530]" started-at="2025-05-24T11:03:27 IST" name="login" finished-at="2025-05-24T11:03:36 IST" duration-ms="8878" status="PASS">
          <reporter-output>
          </reporter-output>
        </test-method> <!-- login -->
        <test-method signature="tc_123_ChangePasswordTest()[pri:0, instance:testSuites.ChangePasswordTestSuite@51399530]" started-at="2025-05-24T11:03:36 IST" name="tc_123_ChangePasswordTest" finished-at="2025-05-24T11:03:46 IST" duration-ms="10272" status="PASS">
          <reporter-output>
          </reporter-output>
        </test-method> <!-- tc_123_ChangePasswordTest -->
        <test-method is-config="true" signature="logout()[pri:0, instance:testSuites.ChangePasswordTestSuite@51399530]" started-at="2025-05-24T11:03:46 IST" name="logout" finished-at="2025-05-24T11:03:49 IST" duration-ms="2818" status="PASS">
          <reporter-output>
          </reporter-output>
        </test-method> <!-- logout -->
        <test-method is-config="true" signature="closeBrowser()[pri:0, instance:testSuites.ChangePasswordTestSuite@51399530]" started-at="2025-05-24T11:03:49 IST" name="closeBrowser" finished-at="2025-05-24T11:03:51 IST" duration-ms="1583" status="PASS">
          <reporter-output>
          </reporter-output>
        </test-method> <!-- closeBrowser -->
      </class> <!-- testSuites.ChangePasswordTestSuite -->
    </test> <!-- Default test -->
  </suite> <!-- Default suite -->
</testng-results>
